[31mBad news, you have a `Sunrise Point-LP LPC Controller` so you have ME hardware on board and you can't control or disable it, continuing...

[0mMEI found: [8086:9d3a] Sunrise Point-LP CSME HECI #1

ME Status   : 0x90000245
ME Status 2 : 0x80110306

ME: FW Partition Table      : OK
ME: Bringup Loader Failure  : NO
ME: Firmware Init Complete  : YES
ME: Manufacturing Mode      : NO
ME: Boot Options Present    : NO
ME: Update In Progress      : NO
ME: Current Working State   : Normal
ME: Current Operation State : M0 with UMA
ME: Current Operation Mode  : Normal
ME: Error Code              : No Error
ME: Progress Phase          : Clean Moff->Mx wake
ME: Power Management Event  : Clean Moff->Mx wake
ME: Progress Phase State    : Unknown 0x11

ME: Extend Register not valid

Error mapping physical memory 0x00000000b112c000 [0x2000] ERRNO=1 Operation not permitted
Could not map ME setup memory.
Do you have kernel cmdline argument 'iomem=relaxed' set ?
