superiotool r25.09-441-g7a1e63308a
Probing for ALi Super I/O at 0x3f0...
  Failed. Returned data: id=0xffff, rev=0xff
Probing for ALi Super I/O at 0x370...
  Failed. Returned data: id=0xffff, rev=0xff
Probing for Aspeed Super I/O at 0x2e...
  Failed. Returned data: scratch registers all read as 0xff
Probing for Aspeed Super I/O at 0x4e...
Found Aspeed AST2400 (id=0x00) at 0x4e
Register dump:
idx    def    val
0x20:  0x00  [0x85]
0x21:  0x00  [0x86]
0x22:  0x00  [0x06]
0x23:  0x00  [0x01]
0x24:  0x00   0x00
0x25:  0x00   0x00
0x26:  0x00   0x00
0x27:  0x00   0x00
0x28:  0x00   0x00
0x29:  0x00   0x00
0x2a:  0x00   0x00
0x2b:  0x00   0x00
0x2c:  0x00  [0x01]
0x2d:  0x00   0x00
0x2e:  0x00   0x00
0x2f:  0x00   0x00

LDN 0x02 (SUART1)
idx    def    val
0x30:  0x00   0x00
0x60:  0x03  [0x02]
0x61:  0xf8   0xf8
0x70:  0x04  [0x03]
0x71:  0x02   0x02
0xf0:  (RR)   0x00

LDN 0x03 (SUART2)
idx    def    val
0x30:  0x00   0x00
0x60:  0x02  [0x00]
0x61:  0xf8  [0x00]
0x70:  0x03  [0x00]
0x71:  0x02  [0x00]
0xf0:  0x00   0x00

LDN 0x04 (SWC)
idx    def    val
0x30:  0x00  [0x01]
0x60:  0x08  [0x00]
0x61:  0xe6  [0x00]
0x62:  0x08  [0x00]
0x63:  0xe0  [0x00]
0x64:  0x08  [0x00]
0x65:  0xe4  [0x00]
0x66:  0x08  [0x00]
0x67:  0xe8  [0x00]
0x70:  0x09  [0x00]
0x71:  0x01   0x01

LDN 0x05 (Keyboard config (KBC))
idx    def    val
0x30:  0x00  [0x01]
0x60:  0x00   0x00
0x61:  0x60  [0x00]
0x62:  0x00   0x00
0x63:  0x64  [0x00]
0x70:  0x01  [0x0c]
0x71:  0x02  [0x01]
0x72:  0x0c  [0x00]
0x73:  0x02  [0x00]
0xf0:  0x83  [0x00]

LDN 0x07 (GPIO)
idx    def    val
0x30:  0x00   0x00
0x38:  0x00   0x00
0x70:  0x0b  [0x00]
0x71:  0x01  [0x00]

LDN 0x0b (SUART3)
idx    def    val
0x30:  0x00   0x00
0x60:  0x03  [0x00]
0x61:  0xe8  [0x00]
0x70:  0x06  [0x00]
0x71:  0x02  [0x00]
0xf0:  0x00   0x00

LDN 0x0c (SUART4)
idx    def    val
0x30:  0x00   0x00
0x60:  0x02  [0x00]
0x61:  0xe8  [0x00]
0x70:  0x05  [0x00]
0x71:  0x02  [0x00]
0xf0:  0x00   0x00

LDN 0x0d (iLPC2AHB)
idx    def    val
0x30:  0x00   0x00
0x70:  0x09  [0x00]
0x71:  0x01  [0x00]
0xf0:  (NA)   0x00
0xf1:  (NA)   0x00
0xf2:  (NA)   0x00
0xf3:  (NA)   0x00
0xf4:  (NA)   0x00
0xf5:  (NA)   0x00
0xf6:  (NA)   0x00
0xf7:  (NA)   0x00
0xf8:  0x00   0x00
0xfe:  0x00   0x00

LDN 0x0e (Mailbox)
idx    def    val
0x30:  0x00   0x00
0x60:  0x08  [0x00]
0x61:  0xc0  [0x00]
0x70:  0x09  [0x00]
0x71:  0x01  [0x00]

Probing for Exar Super I/O at 0x2e...
  Failed. Returned data: vid=0xffff, id=0xffff
Probing for Exar Super I/O at 0x4e...
  Failed. Returned data: vid=0x0001, id=0x8685
Probing for Fintek Super I/O at 0x2e...
  Failed. Returned data: vid=0xffff, id=0xffff
Probing for Fintek Super I/O at 0x4e...
  Failed. Returned data: vid=0x0001, id=0x8685
Probing for Fintek Super I/O at 0x2e...
  Failed. Returned data: vid=0xffff, id=0xffff
Probing for Fintek Super I/O at 0x4e...
  Failed. Returned data: vid=0x0001, id=0x8685
Probing for ITE Super I/O (init=standard) at 0x20e...
  Failed. Returned data: id=0x0000, rev=0x0
Probing for ITE Super I/O (init=it8502e) at 0x20e...
  Failed. Returned data: id=0x0000, rev=0x0
Probing for ITE Super I/O (init=it8761e) at 0x20e...
  Failed. Returned data: id=0x0000, rev=0x0
Probing for ITE Super I/O (init=it8228e) at 0x20e...
  Failed. Returned data: id=0x0000, rev=0x0
Probing for ITE Super I/O (init=it8987e) at 0x20e...
  Failed. Returned data: id=0x0000, rev=0x0
Probing for ITE Super I/O (init=0x87,0x87) at 0x20e...
  Failed. Returned data: id=0x0000, rev=0x0
Probing for ITE Super I/O (init=standard) at 0x25e...
  Failed. Returned data: id=0xffff, rev=0xf
Probing for ITE Super I/O (init=it8502e) at 0x25e...
  Failed. Returned data: id=0xffff, rev=0xf
Probing for ITE Super I/O (init=it8761e) at 0x25e...
  Failed. Returned data: id=0xffff, rev=0xf
Probing for ITE Super I/O (init=it8228e) at 0x25e...
  Failed. Returned data: id=0xffff, rev=0xf
Probing for ITE Super I/O (init=it8987e) at 0x25e...
  Failed. Returned data: id=0xffff, rev=0xf
Probing for ITE Super I/O (init=0x87,0x87) at 0x25e...
  Failed. Returned data: id=0xffff, rev=0xf
Probing for ITE Super I/O (init=standard) at 0x2e...
  Failed. Returned data: id=0xffff, rev=0xf
Probing for ITE Super I/O (init=it8502e) at 0x2e...
  Failed. Returned data: id=0xffff, rev=0xf
Probing for ITE Super I/O (init=it8761e) at 0x2e...
  Failed. Returned data: id=0xffff, rev=0xf
Probing for ITE Super I/O (init=it8228e) at 0x2e...
  Failed. Returned data: id=0xffff, rev=0xf
Probing for ITE Super I/O (init=it8987e) at 0x2e...
  Failed. Returned data: id=0xffff, rev=0xf
Probing for ITE Super I/O (init=0x87,0x87) at 0x2e...
  Failed. Returned data: id=0xffff, rev=0xf
Probing for ITE Super I/O (init=standard) at 0x4e...
  Failed. Returned data: id=0x8586, rev=0x6
Probing for ITE Super I/O (init=it8502e) at 0x4e...
  Failed. Returned data: id=0x8586, rev=0x6
Probing for ITE Super I/O (init=it8761e) at 0x4e...
  Failed. Returned data: id=0x8586, rev=0x6
Probing for ITE Super I/O (init=it8228e) at 0x4e...
  Failed. Returned data: id=0x8586, rev=0x6
Probing for ITE Super I/O (init=it8987e) at 0x4e...
  Failed. Returned data: id=0x8586, rev=0x6
Probing for ITE Super I/O (init=0x87,0x87) at 0x4e...
  Failed. Returned data: id=0x8586, rev=0x6
Probing for ITE Super I/O (init=legacy/it8661f) at 0x370...
  Failed. Returned data: id=0xffff, rev=0xf
Probing for ITE Super I/O (init=legacy/it8671f) at 0x370...
  Failed. Returned data: id=0xffff, rev=0xf
Probing for ITE Super I/O (init=standard) at 0x6e...
  Failed. Returned data: id=0xffff, rev=0xf
Probing for ITE Super I/O (init=it8502e) at 0x6e...
  Failed. Returned data: id=0xffff, rev=0xf
Probing for ITE Super I/O (init=it8761e) at 0x6e...
  Failed. Returned data: id=0xffff, rev=0xf
Probing for ITE Super I/O (init=it8228e) at 0x6e...
  Failed. Returned data: id=0xffff, rev=0xf
Probing for ITE Super I/O (init=it8987e) at 0x6e...
  Failed. Returned data: id=0xffff, rev=0xf
Probing for ITE Super I/O (init=0x87,0x87) at 0x6e...
  Failed. Returned data: id=0xffff, rev=0xf
Probing for NSC Super I/O at 0x2e...
  Failed. Returned data: port=0xff, port+1=0xff
Probing for NSC Super I/O at 0x4e...
  Failed. Returned data: sid=0x85, srid=0x00
Probing for NSC Super I/O at 0x15c...
  Failed. Returned data: port=0xff, port+1=0xff
Probing for NSC Super I/O at 0x164e...
  Failed. Returned data: port=0xff, port+1=0xff
Probing for Nuvoton Super I/O at 0x164e...
  Failed. Returned data: chip_id=0xffff
Probing for Nuvoton Super I/O (sid=0xfc) at 0x164e...
  Failed. Returned data: sid=0xff, id=0xffff, rev=0x00
Probing for Nuvoton Super I/O at 0x2e...
  Failed. Returned data: chip_id=0xffff
Probing for Nuvoton Super I/O (sid=0xfc) at 0x2e...
  Failed. Returned data: sid=0xff, id=0xffff, rev=0x00
Probing for Nuvoton Super I/O at 0x4e...
  Failed. Returned data: chip_id=0x8586
Probing for Nuvoton Super I/O (sid=0xfc) at 0x4e...
  Failed. Returned data: sid=0x85, id=0x8586, rev=0x00
Probing for SMSC Super I/O (idregs=0x20/0x21) at 0x2e...
  Failed. Returned data: id=0xff, rev=0xff
Probing for SMSC Super I/O (idregs=0x0d/0x0e) at 0x2e...
  Failed. Returned data: id=0xff, rev=0xff
Probing for SMSC Super I/O (idregs=0x20/0x21) at 0x4e...
  Failed. Returned data: id=0x85, rev=0x86
Probing for SMSC Super I/O (idregs=0x0d/0x0e) at 0x4e...
  Failed. Returned data: id=0x00, rev=0x00
Probing for SMSC Super I/O (idregs=0x20/0x21) at 0x162e...
  Failed. Returned data: id=0xff, rev=0xff
Probing for SMSC Super I/O (idregs=0x0d/0x0e) at 0x162e...
  Failed. Returned data: id=0xff, rev=0xff
Probing for SMSC Super I/O (idregs=0x20/0x21) at 0x164e...
  Failed. Returned data: id=0xff, rev=0xff
Probing for SMSC Super I/O (idregs=0x0d/0x0e) at 0x164e...
  Failed. Returned data: id=0xff, rev=0xff
Probing for SMSC Super I/O (idregs=0x20/0x21) at 0x3f0...
  Failed. Returned data: id=0xff, rev=0xff
Probing for SMSC Super I/O (idregs=0x0d/0x0e) at 0x3f0...
  Failed. Returned data: id=0xff, rev=0xff
Probing for SMSC Super I/O (idregs=0x20/0x21) at 0x370...
  Failed. Returned data: id=0xff, rev=0xff
Probing for SMSC Super I/O (idregs=0x0d/0x0e) at 0x370...
  Failed. Returned data: id=0xff, rev=0xff
Probing for Winbond Super I/O (init=0x88) at 0x2e...
  Failed. Returned data: id/oldid=0xff/0x0f, rev=0xff
Probing for Winbond Super I/O (init=0x89) at 0x2e...
  Failed. Returned data: id/oldid=0xff/0x0f, rev=0xff
Probing for Winbond Super I/O (init=0x86,0x86) at 0x2e...
  Failed. Returned data: id/oldid=0xff/0x0f, rev=0xff
Probing for Winbond Super I/O (init=0x87,0x87) at 0x2e...
  Failed. Returned data: id/oldid=0xff/0x0f, rev=0xff
Probing for Winbond Super I/O (init=0x88) at 0x4e...
  Failed. Returned data: id/oldid=0x85/0x00, rev=0x86
Probing for Winbond Super I/O (init=0x89) at 0x4e...
  Failed. Returned data: id/oldid=0x85/0x00, rev=0x86
Probing for Winbond Super I/O (init=0x86,0x86) at 0x4e...
  Failed. Returned data: id/oldid=0x85/0x00, rev=0x86
Probing for Winbond Super I/O (init=0x87,0x87) at 0x4e...
  Failed. Returned data: id/oldid=0x85/0x00, rev=0x86
Probing for Winbond Super I/O (init=0x88) at 0x3f0...
  Failed. Returned data: id/oldid=0xff/0x0f, rev=0xff
Probing for Winbond Super I/O (init=0x89) at 0x3f0...
  Failed. Returned data: id/oldid=0xff/0x0f, rev=0xff
Probing for Winbond Super I/O (init=0x86,0x86) at 0x3f0...
  Failed. Returned data: id/oldid=0xff/0x0f, rev=0xff
Probing for Winbond Super I/O (init=0x87,0x87) at 0x3f0...
  Failed. Returned data: id/oldid=0xff/0x0f, rev=0xff
Probing for Winbond Super I/O (init=0x88) at 0x370...
  Failed. Returned data: id/oldid=0xff/0x0f, rev=0xff
Probing for Winbond Super I/O (init=0x89) at 0x370...
  Failed. Returned data: id/oldid=0xff/0x0f, rev=0xff
Probing for Winbond Super I/O (init=0x86,0x86) at 0x370...
  Failed. Returned data: id/oldid=0xff/0x0f, rev=0xff
Probing for Winbond Super I/O (init=0x87,0x87) at 0x370...
  Failed. Returned data: id/oldid=0xff/0x0f, rev=0xff
Probing for Winbond Super I/O (init=0x88) at 0x250...
  Failed. Returned data: id/oldid=0xff/0x0f, rev=0xff
Probing for Winbond Super I/O (init=0x89) at 0x250...
  Failed. Returned data: id/oldid=0xff/0x0f, rev=0xff
Probing for Winbond Super I/O (init=0x86,0x86) at 0x250...
  Failed. Returned data: id/oldid=0xff/0x0f, rev=0xff
Probing for Winbond Super I/O (init=0x87,0x87) at 0x250...
  Failed. Returned data: id/oldid=0xff/0x0f, rev=0xff
Probing for VIA Super I/O (init=0x87,0x87) at 0x2e...
  Failed. Returned data: id=0xff, rev=0xff
Probing for VIA Super I/O (init=0x87,0x87) at 0x4e...
  Failed. Returned data: id=0x85, rev=0x86
Probing for VIA Super I/O (init=vt82c686) at 0x3f0...
  PCI device 1106:0686 not found.
Probing for AMD EC Super I/O at 0xaa...
Probing for Server Engines Super I/O at 0x2e...
  Failed. Returned data: id=0xffff, rev=0xff
Probing for Infineon Super I/O at 0x2e...
  Failed. Returned data: id=0xff, rev=0xff
Probing for Infineon Super I/O at 0x4e...
  Failed. Returned data: id=0x85, rev=0x86
