CONFIG_ANY_TOOLCHAIN=y
CONFIG_TIMESTAMPS_ON_CONSOLE=y
CONFIG_VENDOR_LENOVO=y
CONFIG_MAINBOARD_PART_NUMBER=""
CONFIG_CBFS_SIZE=0x005f0000
CONFIG_INTEL_GMA_VBT_FILE="src/mainboard/lenovo/skl_ideapad320-14isk/data.vbt"
CONFIG_CONSOLE_POST=y
CONFIG_IFD_BIN_PATH="IFD_FlashDescriptor_MA-All-Up.bin"
CONFIG_ME_BIN_PATH="MEI_Region_HAP-Enabled.bin"
CONFIG_DEBUG_SMI=y
CONFIG_BOARD_LENOVO_SKL_IDEAPAD_320_14ISK=y
CONFIG_DRIVERS_EFI_FW_INFO=y
CONFIG_SOC_INTEL_COMMON_DEBUG_CONSENT=1
CONFIG_ALWAYS_ALLOW_ABOVE_4G_ALLOCATION=y
CONFIG_SOC_INTEL_DEBUG_CONSENT=y
CONFIG_VALIDATE_INTEL_DESCRIPTOR=y
CONFIG_ME_REGION_ALLOW_CPU_READ_ACCESS=y
CONFIG_DUMP_SMBIOS_TYPE17=y
CONFIG_NO_GFX_INIT=y
CONFIG_DRIVERS_EFI_VARIABLE_STORE=y
CONFIG_ELOG=y
CONFIG_ELOG_DEBUG=y
CONFIG_ELOG_CBMEM=y
CONFIG_VPD=y
CONFIG_DRIVERS_GENERIC_CBFS_SERIAL=y
CONFIG_DRIVERS_GENERIC_CBFS_UUID=y
CONFIG_DISPLAY_HOBS=y
CONFIG_DISPLAY_UPD_DATA=y
CONFIG_DISPLAY_FSP_TIMESTAMPS=y
CONFIG_BUILDING_WITH_DEBUG_FSP=y
CONFIG_CONSOLE_SPI_FLASH=y
CONFIG_PAYLOAD_ELF=y
CONFIG_PAYLOAD_FILE="payloads/coreinfo/build/coreinfo.elf"
CONFIG_DISPLAY_FSP_CALLS_AND_STATUS=y
CONFIG_DISPLAY_FSP_HEADER=y
CONFIG_VERIFY_HOBS=y
CONFIG_CHECK_GPIO_CONFIG_CHANGES=y
CONFIG_GDB_STUB=y
CONFIG_DEBUG_GPIO=y
CONFIG_DEBUG_CBFS=y
CONFIG_DEBUG_SMBUS=y
CONFIG_DEBUG_MALLOC=y
CONFIG_DEBUG_CONSOLE_INIT=y
CONFIG_DEBUG_SPI_FLASH=y
CONFIG_DEBUG_BOOT_STATE=y
CONFIG_DEBUG_ADA_CODE=y
